{
  "stats": {
    "suites": 1,
    "tests": 1,
    "passes": 0,
    "pending": 0,
    "failures": 1,
    "start": "2024-04-01T10:57:04.104Z",
    "end": "2024-04-01T10:57:05.708Z",
    "duration": 1604,
    "testsRegistered": 1,
    "passPercent": 0,
    "pendingPercent": 0,
    "other": 0,
    "hasOther": false,
    "skipped": 0,
    "hasSkipped": false
  },
  "results": [
    {
      "uuid": "76d2bc80-a0a5-4c59-84e3-92796ed48d96",
      "title": "",
      "fullFile": "cypress\\integration\\examples\\APITesting\\queryParm.js",
      "file": "cypress\\integration\\examples\\APITesting\\queryParm.js",
      "beforeHooks": [],
      "afterHooks": [],
      "tests": [],
      "suites": [
        {
          "uuid": "c514e9c0-5f27-40b4-ab47-d25cc9fc8321",
          "title": "query parameters",
          "fullFile": "",
          "file": "",
          "beforeHooks": [],
          "afterHooks": [],
          "tests": [
            {
              "title": "query parameters handling",
              "fullTitle": "query parameters query parameters handling",
              "timedOut": null,
              "duration": 667,
              "state": "failed",
              "speed": null,
              "pass": false,
              "fail": true,
              "pending": false,
              "context": null,
              "code": "cy.request({\n  method: 'POST',\n  url: 'https://reqres.in/api/usersA',\n  qs: {\n    page: 2\n  }\n}).then(function (response) {\n  console.log(\"Response===>>>>\" + response.body);\n  expect(response.status).to.eq(201);\n  expect(response.body.page).to.eq(2);\n  expect(response.body.data).has.length(6);\n});",
              "err": {
                "message": "AssertionError: expected undefined to equal 2",
                "estack": "AssertionError: expected undefined to equal 2\n    at Context.eval (cypress/integration/examples/APITesting/queryParm.js:13:42)",
                "diff": null
              },
              "uuid": "6d41aa46-3300-4ac3-aae4-314632b7357b",
              "parentUUID": "c514e9c0-5f27-40b4-ab47-d25cc9fc8321",
              "isHook": false,
              "skipped": false
            }
          ],
          "suites": [],
          "passes": [],
          "failures": [
            "6d41aa46-3300-4ac3-aae4-314632b7357b"
          ],
          "pending": [],
          "skipped": [],
          "duration": 667,
          "root": false,
          "rootEmpty": false,
          "_timeout": 2000
        }
      ],
      "passes": [],
      "failures": [],
      "pending": [],
      "skipped": [],
      "duration": 0,
      "root": true,
      "rootEmpty": true,
      "_timeout": 2000
    }
  ],
  "meta": {
    "mocha": {
      "version": "7.0.1"
    },
    "mochawesome": {
      "options": {
        "quiet": false,
        "reportFilename": "mochawesome",
        "saveHtml": true,
        "saveJson": true,
        "consoleReporter": "spec",
        "useInlineDiffs": false,
        "code": true
      },
      "version": "7.1.3"
    },
    "marge": {
      "options": {
        "reportDir": "cypress/reports",
        "overwrite": false,
        "html": true,
        "json": true
      },
      "version": "6.2.0"
    }
  }
}