{
  "stats": {
    "suites": 1,
    "tests": 1,
    "passes": 0,
    "pending": 0,
    "failures": 1,
    "start": "2023-03-29T10:50:23.770Z",
    "end": "2023-03-29T10:50:40.483Z",
    "duration": 16713,
    "testsRegistered": 1,
    "passPercent": 0,
    "pendingPercent": 0,
    "other": 0,
    "hasOther": false,
    "skipped": 0,
    "hasSkipped": false
  },
  "results": [
    {
      "uuid": "cf200d97-7600-453f-a52f-9691e7aa0d8f",
      "title": "",
      "fullFile": "cypress\\integration\\examples\\fake.js",
      "file": "cypress\\integration\\examples\\fake.js",
      "beforeHooks": [],
      "afterHooks": [],
      "tests": [],
      "suites": [
        {
          "uuid": "8cc70cf4-3489-46f7-98c1-0414d45ab9f3",
          "title": "mock data",
          "fullFile": "",
          "file": "",
          "beforeHooks": [],
          "afterHooks": [],
          "tests": [
            {
              "title": "intercept data",
              "fullTitle": "mock data intercept data",
              "timedOut": null,
              "duration": 6033,
              "state": "failed",
              "speed": null,
              "pass": false,
              "fail": true,
              "pending": false,
              "context": null,
              "code": "cy.visit('https://rahulshettyacademy.com/angularAppdemo/');\ncy.intercept({\n  method: 'GET',\n  url: \"https://rahulshettyacademy.com/angularAppdemo/\"\n}, {\n  statusCode: 200,\n  body: [{\n    \"book_name\": \"null\",\n    \"isbn\": \"SPY40\",\n    \"aisle\": \"2529857\"\n  }]\n}).as('bookDetails');\ncy.get('button[class=\"btn btn-primary\"]').click();\ncy.wait(\"@bookDetails\");",
              "err": {
                "message": "CypressError: Timed out retrying after 5000ms: `cy.wait()` timed out waiting `5000ms` for the 1st request to the route: `bookDetails`. No request ever occurred.\n\nhttps://on.cypress.io/wait",
                "estack": "CypressError: Timed out retrying after 5000ms: `cy.wait()` timed out waiting `5000ms` for the 1st request to the route: `bookDetails`. No request ever occurred.\n\nhttps://on.cypress.io/wait\n    at cypressErr (https://rahulshettyacademy.com/__cypress/runner/cypress_runner.js:154824:18)\n    at Object.errByPath (https://rahulshettyacademy.com/__cypress/runner/cypress_runner.js:154879:10)\n    at checkForXhr (https://rahulshettyacademy.com/__cypress/runner/cypress_runner.js:141777:92)\n    at <unknown> (https://rahulshettyacademy.com/__cypress/runner/cypress_runner.js:141800:28)\n    at tryCatcher (https://rahulshettyacademy.com/__cypress/runner/cypress_runner.js:8914:23)\n    at Promise.attempt.Promise.try (https://rahulshettyacademy.com/__cypress/runner/cypress_runner.js:6188:29)\n    at whenStable (https://rahulshettyacademy.com/__cypress/runner/cypress_runner.js:146742:65)\n    at <unknown> (https://rahulshettyacademy.com/__cypress/runner/cypress_runner.js:146183:14)\n    at tryCatcher (https://rahulshettyacademy.com/__cypress/runner/cypress_runner.js:8914:23)\n    at Promise._settlePromiseFromHandler (https://rahulshettyacademy.com/__cypress/runner/cypress_runner.js:6849:31)\n    at Promise._settlePromise (https://rahulshettyacademy.com/__cypress/runner/cypress_runner.js:6906:18)\n    at Promise._settlePromise0 (https://rahulshettyacademy.com/__cypress/runner/cypress_runner.js:6951:10)\n    at Promise._settlePromises (https://rahulshettyacademy.com/__cypress/runner/cypress_runner.js:7031:18)\n    at Promise._fulfill (https://rahulshettyacademy.com/__cypress/runner/cypress_runner.js:6975:18)\n    at <unknown> (https://rahulshettyacademy.com/__cypress/runner/cypress_runner.js:8589:46)\nFrom Your Spec Code:\n    at Context.eval (cypress/integration/examples/fake.js:22:11)",
                "diff": null
              },
              "uuid": "a581c86f-563a-41d0-8ff5-a581152d5ed7",
              "parentUUID": "8cc70cf4-3489-46f7-98c1-0414d45ab9f3",
              "isHook": false,
              "skipped": false
            }
          ],
          "suites": [],
          "passes": [],
          "failures": [
            "a581c86f-563a-41d0-8ff5-a581152d5ed7"
          ],
          "pending": [],
          "skipped": [],
          "duration": 6033,
          "root": false,
          "rootEmpty": false,
          "_timeout": 2000
        }
      ],
      "passes": [],
      "failures": [],
      "pending": [],
      "skipped": [],
      "duration": 0,
      "root": true,
      "rootEmpty": true,
      "_timeout": 2000
    }
  ],
  "meta": {
    "mocha": {
      "version": "7.0.1"
    },
    "mochawesome": {
      "options": {
        "quiet": false,
        "reportFilename": "mochawesome",
        "saveHtml": true,
        "saveJson": true,
        "consoleReporter": "spec",
        "useInlineDiffs": false,
        "code": true
      },
      "version": "7.1.3"
    },
    "marge": {
      "options": {
        "reportDir": "cypress/reports",
        "overwrite": false,
        "html": true,
        "json": true
      },
      "version": "6.2.0"
    }
  }
}