{
  "stats": {
    "suites": 1,
    "tests": 1,
    "passes": 1,
    "pending": 0,
    "failures": 0,
    "start": "2023-03-29T10:56:50.994Z",
    "end": "2023-03-29T10:56:55.089Z",
    "duration": 4095,
    "testsRegistered": 1,
    "passPercent": 100,
    "pendingPercent": 0,
    "other": 0,
    "hasOther": false,
    "skipped": 0,
    "hasSkipped": false
  },
  "results": [
    {
      "uuid": "13f3e67b-88b8-4157-b24a-459ceb3e1e08",
      "title": "",
      "fullFile": "cypress\\integration\\examples\\fake.js",
      "file": "cypress\\integration\\examples\\fake.js",
      "beforeHooks": [],
      "afterHooks": [],
      "tests": [],
      "suites": [
        {
          "uuid": "9eeddc34-a50e-48ee-b908-14418d2820fc",
          "title": "mock data",
          "fullFile": "",
          "file": "",
          "beforeHooks": [],
          "afterHooks": [],
          "tests": [
            {
              "title": "intercept data",
              "fullTitle": "mock data intercept data",
              "timedOut": null,
              "duration": 1120,
              "state": "passed",
              "speed": "fast",
              "pass": true,
              "fail": false,
              "pending": false,
              "context": null,
              "code": "cy.visit('https://rahulshettyacademy.com/angularAppdemo/');\ncy.intercept({\n  method: 'GET',\n  url: \"https://rahulshettyacademy.com/Library/GetBook.php?AuthorName=shetty\"\n}, {\n  statusCode: 200,\n  body: [{\n    \"book_name\": \"null\",\n    \"isbn\": \"SPY40\",\n    \"aisle\": \"2529857\"\n  }]\n}).as('bookDetails');\ncy.get('button[class=\"btn btn-primary\"]').click();\ncy.wait(\"@bookDetails\");",
              "err": {},
              "uuid": "5eef9360-f478-4405-9dc9-ecd0c27391b8",
              "parentUUID": "9eeddc34-a50e-48ee-b908-14418d2820fc",
              "isHook": false,
              "skipped": false
            }
          ],
          "suites": [],
          "passes": [
            "5eef9360-f478-4405-9dc9-ecd0c27391b8"
          ],
          "failures": [],
          "pending": [],
          "skipped": [],
          "duration": 1120,
          "root": false,
          "rootEmpty": false,
          "_timeout": 2000
        }
      ],
      "passes": [],
      "failures": [],
      "pending": [],
      "skipped": [],
      "duration": 0,
      "root": true,
      "rootEmpty": true,
      "_timeout": 2000
    }
  ],
  "meta": {
    "mocha": {
      "version": "7.0.1"
    },
    "mochawesome": {
      "options": {
        "quiet": false,
        "reportFilename": "mochawesome",
        "saveHtml": true,
        "saveJson": true,
        "consoleReporter": "spec",
        "useInlineDiffs": false,
        "code": true
      },
      "version": "7.1.3"
    },
    "marge": {
      "options": {
        "reportDir": "cypress/reports",
        "overwrite": false,
        "html": true,
        "json": true
      },
      "version": "6.2.0"
    }
  }
}